<?xml version="1.0" encoding="UTF-8"?>
<!-- Generated by org.testng.reporters.JUnitXMLReporter -->
<testsuite hostname="HPG6-PC" ignored="0" name="Regression Test" tests="3" failures="0" timestamp="2021-03-17T17:29:02 EET" time="9.137" errors="0">
  <testcase name="UserCanRegisterSuccessfully" time="4.671" classname="tests.UserRegistrationTest"/>
  <testcase name="RegisteredUserCanLogout" time="1.847" classname="tests.UserRegistrationTest"/>
  <testcase name="RegisteredUserCanLogin" time="2.543" classname="tests.UserRegistrationTest"/>
</testsuite> <!-- Regression Test -->
